<?xml version="1.0" encoding="UTF-8"?>
<!-- Generated by org.testng.reporters.JUnitXMLReporter -->
<testsuite ignored="0" hostname="Rajat" failures="0" tests="5" name="Default test" time="9.083" errors="0" timestamp="2024-10-25T10:26:32 IST">
  <testcase classname="RestAs.Typicode" name="testGetRequest" time="3.924"/>
  <testcase classname="RestAs.Typicode" name="testPostRequest" time="1.405"/>
  <testcase classname="RestAs.Typicode" name="testPutRequest" time="1.305"/>
  <testcase classname="RestAs.Typicode" name="testPatchRequest" time="0.796"/>
  <testcase classname="RestAs.Typicode" name="testDeleteRequest" time="0.855"/>
</testsuite> <!-- Default test -->
