<?xml version="1.0" encoding="UTF-8"?>
<!-- Generated by org.testng.reporters.JUnitXMLReporter -->
<testsuite ignored="0" hostname="Rajat" failures="0" tests="2" name="Default test" time="0.515" errors="0" timestamp="2024-12-01T22:46:23 IST">
  <testcase classname="RestAssured_API.SerialiaztionDeserialization" name="convertJsonToPojo" time="0.405"/>
  <testcase classname="RestAssured_API.SerialiaztionDeserialization" name="convertPojoToJson" time="0.029"/>
</testsuite> <!-- Default test -->
