<?xml version="1.0" encoding="UTF-8"?>
<testng-results ignored="0" total="2" passed="2" failed="0" skipped="0">
  <reporter-output>
  </reporter-output>
  <suite started-at="2024-12-01T22:46:22 IST" name="Default suite" finished-at="2024-12-01T22:46:23 IST" duration-ms="515">
    <groups>
    </groups>
    <test started-at="2024-12-01T22:46:22 IST" name="Default test" finished-at="2024-12-01T22:46:23 IST" duration-ms="515">
      <class name="RestAssured_API.SerialiaztionDeserialization">
        <test-method signature="convertJsonToPojo()[pri:0, instance:RestAssured_API.SerialiaztionDeserialization@42a48628]" started-at="2024-12-01T22:46:22 IST" name="convertJsonToPojo" finished-at="2024-12-01T22:46:23 IST" duration-ms="405" status="PASS">
          <reporter-output>
          </reporter-output>
        </test-method> <!-- convertJsonToPojo -->
        <test-method signature="convertPojoToJson()[pri:0, instance:RestAssured_API.SerialiaztionDeserialization@42a48628]" started-at="2024-12-01T22:46:23 IST" name="convertPojoToJson" finished-at="2024-12-01T22:46:23 IST" duration-ms="29" status="PASS">
          <reporter-output>
          </reporter-output>
        </test-method> <!-- convertPojoToJson -->
      </class> <!-- RestAssured_API.SerialiaztionDeserialization -->
    </test> <!-- Default test -->
  </suite> <!-- Default suite -->
</testng-results>
