<?xml version="1.0" encoding="UTF-8"?>
<testng-results ignored="0" total="1" passed="1" failed="0" skipped="0">
  <reporter-output>
  </reporter-output>
  <suite started-at="2024-11-28T21:14:27 IST" name="Default suite" finished-at="2024-11-28T21:14:29 IST" duration-ms="2296">
    <groups>
    </groups>
    <test started-at="2024-11-28T21:14:27 IST" name="Default test" finished-at="2024-11-28T21:14:29 IST" duration-ms="2296">
      <class name="Local_RestAPI.DifferentWayToCreatePostRequest">
        <test-method signature="testPostUsingExternal_JSON_Class()[pri:0, instance:Local_RestAPI.DifferentWayToCreatePostRequest@35e2d654]" started-at="2024-11-28T21:14:27 IST" name="testPostUsingExternal_JSON_Class" finished-at="2024-11-28T21:14:29 IST" duration-ms="2250" status="PASS">
          <reporter-output>
          </reporter-output>
        </test-method> <!-- testPostUsingExternal_JSON_Class -->
      </class> <!-- Local_RestAPI.DifferentWayToCreatePostRequest -->
    </test> <!-- Default test -->
  </suite> <!-- Default suite -->
</testng-results>
